{"D:\\Workspace\\React\\TaskMaster\\src\\store\\taskStore.ts": {"path":"D:\\Workspace\\React\\TaskMaster\\src\\store\\taskStore.ts","statementMap":{"0":{"start":{"line":1,"column":0},"end":{"line":1,"column":33}},"1":{"start":{"line":25,"column":13},"end":{"line":95,"column":4}},"2":{"start":{"line":25,"column":61},"end":{"line":95,"column":2}},"3":{"start":{"line":30,"column":22},"end":{"line":30,"column":32}},"4":{"start":{"line":31,"column":4},"end":{"line":42,"column":8}},"5":{"start":{"line":31,"column":20},"end":{"line":42,"column":6}},"6":{"start":{"line":47,"column":4},"end":{"line":53,"column":7}},"7":{"start":{"line":47,"column":20},"end":{"line":53,"column":6}},"8":{"start":{"line":49,"column":8},"end":{"line":51,"column":16}},"9":{"start":{"line":57,"column":4},"end":{"line":68,"column":7}},"10":{"start":{"line":57,"column":20},"end":{"line":68,"column":6}},"11":{"start":{"line":59,"column":8},"end":{"line":66,"column":16}},"12":{"start":{"line":72,"column":4},"end":{"line":74,"column":7}},"13":{"start":{"line":72,"column":20},"end":{"line":74,"column":6}},"14":{"start":{"line":73,"column":42},"end":{"line":73,"column":56}},"15":{"start":{"line":78,"column":22},"end":{"line":78,"column":27}},"16":{"start":{"line":79,"column":4},"end":{"line":79,"column":48}},"17":{"start":{"line":79,"column":32},"end":{"line":79,"column":46}},"18":{"start":{"line":84,"column":22},"end":{"line":84,"column":27}},"19":{"start":{"line":85,"column":23},"end":{"line":85,"column":35}},"20":{"start":{"line":86,"column":27},"end":{"line":86,"column":72}},"21":{"start":{"line":86,"column":50},"end":{"line":86,"column":64}},"22":{"start":{"line":87,"column":28},"end":{"line":87,"column":55}},"23":{"start":{"line":89,"column":4},"end":{"line":93,"column":6}}},"fnMap":{"0":{"name":"(anonymous_0)","decl":{"start":{"line":25,"column":46},"end":{"line":25,"column":47}},"loc":{"start":{"line":25,"column":61},"end":{"line":95,"column":2}}},"1":{"name":"(anonymous_1)","decl":{"start":{"line":29,"column":11},"end":{"line":29,"column":12}},"loc":{"start":{"line":29,"column":21},"end":{"line":43,"column":3}}},"2":{"name":"(anonymous_2)","decl":{"start":{"line":31,"column":8},"end":{"line":31,"column":9}},"loc":{"start":{"line":31,"column":20},"end":{"line":42,"column":6}}},"3":{"name":"(anonymous_3)","decl":{"start":{"line":46,"column":20},"end":{"line":46,"column":21}},"loc":{"start":{"line":47,"column":4},"end":{"line":53,"column":7}}},"4":{"name":"(anonymous_4)","decl":{"start":{"line":47,"column":8},"end":{"line":47,"column":9}},"loc":{"start":{"line":47,"column":20},"end":{"line":53,"column":6}}},"5":{"name":"(anonymous_5)","decl":{"start":{"line":48,"column":29},"end":{"line":48,"column":30}},"loc":{"start":{"line":49,"column":8},"end":{"line":51,"column":16}}},"6":{"name":"(anonymous_6)","decl":{"start":{"line":56,"column":14},"end":{"line":56,"column":15}},"loc":{"start":{"line":57,"column":4},"end":{"line":68,"column":7}}},"7":{"name":"(anonymous_7)","decl":{"start":{"line":57,"column":8},"end":{"line":57,"column":9}},"loc":{"start":{"line":57,"column":20},"end":{"line":68,"column":6}}},"8":{"name":"(anonymous_8)","decl":{"start":{"line":58,"column":29},"end":{"line":58,"column":30}},"loc":{"start":{"line":59,"column":8},"end":{"line":66,"column":16}}},"9":{"name":"(anonymous_9)","decl":{"start":{"line":71,"column":14},"end":{"line":71,"column":15}},"loc":{"start":{"line":72,"column":4},"end":{"line":74,"column":7}}},"10":{"name":"(anonymous_10)","decl":{"start":{"line":72,"column":8},"end":{"line":72,"column":9}},"loc":{"start":{"line":72,"column":20},"end":{"line":74,"column":6}}},"11":{"name":"(anonymous_11)","decl":{"start":{"line":73,"column":32},"end":{"line":73,"column":33}},"loc":{"start":{"line":73,"column":42},"end":{"line":73,"column":56}}},"12":{"name":"(anonymous_12)","decl":{"start":{"line":77,"column":15},"end":{"line":77,"column":16}},"loc":{"start":{"line":77,"column":22},"end":{"line":80,"column":3}}},"13":{"name":"(anonymous_13)","decl":{"start":{"line":79,"column":22},"end":{"line":79,"column":23}},"loc":{"start":{"line":79,"column":32},"end":{"line":79,"column":46}}},"14":{"name":"(anonymous_14)","decl":{"start":{"line":83,"column":16},"end":{"line":83,"column":19}},"loc":{"start":{"line":83,"column":21},"end":{"line":94,"column":3}}},"15":{"name":"(anonymous_15)","decl":{"start":{"line":86,"column":40},"end":{"line":86,"column":41}},"loc":{"start":{"line":86,"column":50},"end":{"line":86,"column":64}}}},"branchMap":{"0":{"loc":{"start":{"line":49,"column":8},"end":{"line":51,"column":16}},"type":"cond-expr","locations":[{"start":{"line":50,"column":11},"end":{"line":50,"column":null}},{"start":{"line":51,"column":12},"end":{"line":51,"column":16}}]},"1":{"loc":{"start":{"line":59,"column":8},"end":{"line":66,"column":16}},"type":"cond-expr","locations":[{"start":{"line":60,"column":11},"end":{"line":64,"column":null}},{"start":{"line":66,"column":12},"end":{"line":66,"column":16}}]},"2":{"loc":{"start":{"line":62,"column":21},"end":{"line":62,"column":61}},"type":"cond-expr","locations":[{"start":{"line":62,"column":43},"end":{"line":62,"column":48}},{"start":{"line":62,"column":51},"end":{"line":62,"column":61}}]},"3":{"loc":{"start":{"line":63,"column":25},"end":{"line":63,"column":77}},"type":"cond-expr","locations":[{"start":{"line":63,"column":51},"end":{"line":63,"column":60}},{"start":{"line":63,"column":63},"end":{"line":63,"column":77}}]}},"s":{"0":1,"1":1,"2":1,"3":1,"4":1,"5":1,"6":0,"7":0,"8":0,"9":0,"10":0,"11":0,"12":0,"13":0,"14":0,"15":0,"16":0,"17":0,"18":0,"19":0,"20":0,"21":0,"22":0,"23":0},"f":{"0":1,"1":1,"2":1,"3":0,"4":0,"5":0,"6":0,"7":0,"8":0,"9":0,"10":0,"11":0,"12":0,"13":0,"14":0,"15":0},"b":{"0":[0,0],"1":[0,0],"2":[0,0],"3":[0,0]}}
,"D:\\Workspace\\React\\TaskMaster\\src\\utils\\formatDate.ts": {"path":"D:\\Workspace\\React\\TaskMaster\\src\\utils\\formatDate.ts","statementMap":{"0":{"start":{"line":1,"column":26},"end":{"line":32,"column":1}},"1":{"start":{"line":5,"column":50},"end":{"line":10,"column":4}},"2":{"start":{"line":12,"column":22},"end":{"line":13,"column":null}},"3":{"start":{"line":17,"column":2},"end":{"line":18,"column":67}},"4":{"start":{"line":20,"column":2},"end":{"line":29,"column":3}},"5":{"start":{"line":21,"column":52},"end":{"line":24,"column":6}},"6":{"start":{"line":25,"column":26},"end":{"line":26,"column":null}},"7":{"start":{"line":28,"column":4},"end":{"line":28,"column":49}},"8":{"start":{"line":31,"column":2},"end":{"line":31,"column":23}},"9":{"start":{"line":34,"column":0},"end":{"line":34,"column":33}}},"fnMap":{"0":{"name":"(anonymous_0)","decl":{"start":{"line":1,"column":26},"end":{"line":1,"column":null}},"loc":{"start":{"line":4,"column":12},"end":{"line":32,"column":1}}}},"branchMap":{"0":{"loc":{"start":{"line":3,"column":2},"end":{"line":3,"column":30}},"type":"default-arg","locations":[{"start":{"line":3,"column":25},"end":{"line":3,"column":30}}]},"1":{"loc":{"start":{"line":20,"column":2},"end":{"line":29,"column":3}},"type":"if","locations":[{"start":{"line":20,"column":2},"end":{"line":29,"column":3}}]}},"s":{"0":0,"1":0,"2":0,"3":0,"4":0,"5":0,"6":0,"7":0,"8":0,"9":0},"f":{"0":0},"b":{"0":[0],"1":[0]}}
}
